vietdo781@gmail.com
vietdo78.1@gmail.com
vietdo7.81@gmail.com
vietdo7.8.1@gmail.com
vietdo.781@gmail.com
vietdo.78.1@gmail.com
vietdo.7.81@gmail.com
vietdo.7.8.1@gmail.com
vietd.o781@gmail.com
vietd.o78.1@gmail.com
vietd.o7.81@gmail.com
vietd.o7.8.1@gmail.com
vietd.o.781@gmail.com
vietd.o.78.1@gmail.com
vietd.o.7.81@gmail.com
vietd.o.7.8.1@gmail.com
viet.do781@gmail.com
viet.do78.1@gmail.com
viet.do7.81@gmail.com
viet.do7.8.1@gmail.com
viet.do.781@gmail.com
viet.do.78.1@gmail.com
viet.do.7.81@gmail.com
viet.do.7.8.1@gmail.com
viet.d.o781@gmail.com
viet.d.o78.1@gmail.com
viet.d.o7.81@gmail.com
viet.d.o7.8.1@gmail.com
viet.d.o.781@gmail.com
viet.d.o.78.1@gmail.com
viet.d.o.7.81@gmail.com
viet.d.o.7.8.1@gmail.com
vie.tdo781@gmail.com
vie.tdo78.1@gmail.com
vie.tdo7.81@gmail.com
vie.tdo7.8.1@gmail.com
vie.tdo.781@gmail.com
vie.tdo.78.1@gmail.com
vie.tdo.7.81@gmail.com
vie.tdo.7.8.1@gmail.com
vie.td.o781@gmail.com
vie.td.o78.1@gmail.com
vie.td.o7.81@gmail.com
vie.td.o7.8.1@gmail.com
vie.td.o.781@gmail.com
vie.td.o.78.1@gmail.com
vie.td.o.7.81@gmail.com
vie.td.o.7.8.1@gmail.com
vie.t.do781@gmail.com
vie.t.do78.1@gmail.com
vie.t.do7.81@gmail.com
vie.t.do7.8.1@gmail.com
vie.t.do.781@gmail.com
vie.t.do.78.1@gmail.com
vie.t.do.7.81@gmail.com
vie.t.do.7.8.1@gmail.com
vie.t.d.o781@gmail.com
vie.t.d.o78.1@gmail.com
vie.t.d.o7.81@gmail.com
vie.t.d.o7.8.1@gmail.com
vie.t.d.o.781@gmail.com
vie.t.d.o.78.1@gmail.com
vie.t.d.o.7.81@gmail.com
vie.t.d.o.7.8.1@gmail.com
vi.etdo781@gmail.com
vi.etdo78.1@gmail.com
vi.etdo7.81@gmail.com
vi.etdo7.8.1@gmail.com
vi.etdo.781@gmail.com
vi.etdo.78.1@gmail.com
vi.etdo.7.81@gmail.com
vi.etdo.7.8.1@gmail.com
vi.etd.o781@gmail.com
vi.etd.o78.1@gmail.com
vi.etd.o7.81@gmail.com
vi.etd.o7.8.1@gmail.com
vi.etd.o.781@gmail.com
vi.etd.o.78.1@gmail.com
vi.etd.o.7.81@gmail.com
vi.etd.o.7.8.1@gmail.com
vi.et.do781@gmail.com
vi.et.do78.1@gmail.com
vi.et.do7.81@gmail.com
vi.et.do7.8.1@gmail.com
vi.et.do.781@gmail.com
vi.et.do.78.1@gmail.com
vi.et.do.7.81@gmail.com
vi.et.do.7.8.1@gmail.com
vi.et.d.o781@gmail.com
vi.et.d.o78.1@gmail.com
vi.et.d.o7.81@gmail.com
vi.et.d.o7.8.1@gmail.com
vi.et.d.o.781@gmail.com
vi.et.d.o.78.1@gmail.com
vi.et.d.o.7.81@gmail.com
vi.et.d.o.7.8.1@gmail.com
vi.e.tdo781@gmail.com
vi.e.tdo78.1@gmail.com
vi.e.tdo7.81@gmail.com
vi.e.tdo7.8.1@gmail.com
vi.e.tdo.781@gmail.com
vi.e.tdo.78.1@gmail.com
vi.e.tdo.7.81@gmail.com
vi.e.tdo.7.8.1@gmail.com
vi.e.td.o781@gmail.com
vi.e.td.o78.1@gmail.com
vi.e.td.o7.81@gmail.com
vi.e.td.o7.8.1@gmail.com
vi.e.td.o.781@gmail.com
vi.e.td.o.78.1@gmail.com
vi.e.td.o.7.81@gmail.com
vi.e.td.o.7.8.1@gmail.com
vi.e.t.do781@gmail.com
vi.e.t.do78.1@gmail.com
vi.e.t.do7.81@gmail.com
vi.e.t.do7.8.1@gmail.com
vi.e.t.do.781@gmail.com
vi.e.t.do.78.1@gmail.com
vi.e.t.do.7.81@gmail.com
vi.e.t.do.7.8.1@gmail.com
vi.e.t.d.o781@gmail.com
vi.e.t.d.o78.1@gmail.com
vi.e.t.d.o7.81@gmail.com
vi.e.t.d.o7.8.1@gmail.com
vi.e.t.d.o.781@gmail.com
vi.e.t.d.o.78.1@gmail.com
vi.e.t.d.o.7.81@gmail.com
vi.e.t.d.o.7.8.1@gmail.com
v.ietdo781@gmail.com
v.ietdo78.1@gmail.com
v.ietdo7.81@gmail.com
v.ietdo7.8.1@gmail.com
v.ietdo.781@gmail.com
v.ietdo.78.1@gmail.com
v.ietdo.7.81@gmail.com
v.ietdo.7.8.1@gmail.com
v.ietd.o781@gmail.com
v.ietd.o78.1@gmail.com
v.ietd.o7.81@gmail.com
v.ietd.o7.8.1@gmail.com
v.ietd.o.781@gmail.com
v.ietd.o.78.1@gmail.com
v.ietd.o.7.81@gmail.com
v.ietd.o.7.8.1@gmail.com
v.iet.do781@gmail.com
v.iet.do78.1@gmail.com
v.iet.do7.81@gmail.com
v.iet.do7.8.1@gmail.com
v.iet.do.781@gmail.com
v.iet.do.78.1@gmail.com
v.iet.do.7.81@gmail.com
v.iet.do.7.8.1@gmail.com
v.iet.d.o781@gmail.com
v.iet.d.o78.1@gmail.com
v.iet.d.o7.81@gmail.com
v.iet.d.o7.8.1@gmail.com
v.iet.d.o.781@gmail.com
v.iet.d.o.78.1@gmail.com
v.iet.d.o.7.81@gmail.com
v.iet.d.o.7.8.1@gmail.com
v.ie.tdo781@gmail.com
v.ie.tdo78.1@gmail.com
v.ie.tdo7.81@gmail.com
v.ie.tdo7.8.1@gmail.com
v.ie.tdo.781@gmail.com
v.ie.tdo.78.1@gmail.com
v.ie.tdo.7.81@gmail.com
v.ie.tdo.7.8.1@gmail.com
v.ie.td.o781@gmail.com
v.ie.td.o78.1@gmail.com
v.ie.td.o7.81@gmail.com
v.ie.td.o7.8.1@gmail.com
v.ie.td.o.781@gmail.com
v.ie.td.o.78.1@gmail.com
v.ie.td.o.7.81@gmail.com
v.ie.td.o.7.8.1@gmail.com
v.ie.t.do781@gmail.com
v.ie.t.do78.1@gmail.com
v.ie.t.do7.81@gmail.com
v.ie.t.do7.8.1@gmail.com
v.ie.t.do.781@gmail.com
v.ie.t.do.78.1@gmail.com
v.ie.t.do.7.81@gmail.com
v.ie.t.do.7.8.1@gmail.com
v.ie.t.d.o781@gmail.com
v.ie.t.d.o78.1@gmail.com
v.ie.t.d.o7.81@gmail.com
v.ie.t.d.o7.8.1@gmail.com
v.ie.t.d.o.781@gmail.com
v.ie.t.d.o.78.1@gmail.com
v.ie.t.d.o.7.81@gmail.com
v.ie.t.d.o.7.8.1@gmail.com
v.i.etdo781@gmail.com
v.i.etdo78.1@gmail.com
v.i.etdo7.81@gmail.com
v.i.etdo7.8.1@gmail.com
v.i.etdo.781@gmail.com
v.i.etdo.78.1@gmail.com
v.i.etdo.7.81@gmail.com
v.i.etdo.7.8.1@gmail.com
v.i.etd.o781@gmail.com
v.i.etd.o78.1@gmail.com
v.i.etd.o7.81@gmail.com
v.i.etd.o7.8.1@gmail.com
v.i.etd.o.781@gmail.com
v.i.etd.o.78.1@gmail.com
v.i.etd.o.7.81@gmail.com
v.i.etd.o.7.8.1@gmail.com
v.i.et.do781@gmail.com
v.i.et.do78.1@gmail.com
v.i.et.do7.81@gmail.com
v.i.et.do7.8.1@gmail.com
v.i.et.do.781@gmail.com
v.i.et.do.78.1@gmail.com
v.i.et.do.7.81@gmail.com
v.i.et.do.7.8.1@gmail.com
v.i.et.d.o781@gmail.com
v.i.et.d.o78.1@gmail.com
v.i.et.d.o7.81@gmail.com
v.i.et.d.o7.8.1@gmail.com
v.i.et.d.o.781@gmail.com
v.i.et.d.o.78.1@gmail.com
v.i.et.d.o.7.81@gmail.com
v.i.et.d.o.7.8.1@gmail.com
v.i.e.tdo781@gmail.com
v.i.e.tdo78.1@gmail.com
v.i.e.tdo7.81@gmail.com
v.i.e.tdo7.8.1@gmail.com
v.i.e.tdo.781@gmail.com
v.i.e.tdo.78.1@gmail.com
v.i.e.tdo.7.81@gmail.com
v.i.e.tdo.7.8.1@gmail.com
v.i.e.td.o781@gmail.com
v.i.e.td.o78.1@gmail.com
v.i.e.td.o7.81@gmail.com
v.i.e.td.o7.8.1@gmail.com
v.i.e.td.o.781@gmail.com
v.i.e.td.o.78.1@gmail.com
v.i.e.td.o.7.81@gmail.com
v.i.e.td.o.7.8.1@gmail.com
v.i.e.t.do781@gmail.com
v.i.e.t.do78.1@gmail.com
v.i.e.t.do7.81@gmail.com
v.i.e.t.do7.8.1@gmail.com
v.i.e.t.do.781@gmail.com
v.i.e.t.do.78.1@gmail.com
v.i.e.t.do.7.81@gmail.com
v.i.e.t.do.7.8.1@gmail.com
v.i.e.t.d.o781@gmail.com
v.i.e.t.d.o78.1@gmail.com
v.i.e.t.d.o7.81@gmail.com
v.i.e.t.d.o7.8.1@gmail.com
v.i.e.t.d.o.781@gmail.com
v.i.e.t.d.o.78.1@gmail.com
v.i.e.t.d.o.7.81@gmail.com
v.i.e.t.d.o.7.8.1@gmail.com
vietdo781@gmail.com
vietdo78.1@gmail.com
vietdo7.81@gmail.com
vietdo7.8.1@gmail.com
vietdo.781@gmail.com
vietdo.78.1@gmail.com
vietdo.7.81@gmail.com
vietdo.7.8.1@gmail.com
vietd.o781@gmail.com
vietd.o78.1@gmail.com
vietd.o7.81@gmail.com
vietd.o7.8.1@gmail.com
vietd.o.781@gmail.com
vietd.o.78.1@gmail.com
vietd.o.7.81@gmail.com
vietd.o.7.8.1@gmail.com
viet.do781@gmail.com
viet.do78.1@gmail.com
viet.do7.81@gmail.com
viet.do7.8.1@gmail.com
viet.do.781@gmail.com
viet.do.78.1@gmail.com
viet.do.7.81@gmail.com
viet.do.7.8.1@gmail.com
viet.d.o781@gmail.com
viet.d.o78.1@gmail.com
viet.d.o7.81@gmail.com
viet.d.o7.8.1@gmail.com
viet.d.o.781@gmail.com
viet.d.o.78.1@gmail.com
viet.d.o.7.81@gmail.com
viet.d.o.7.8.1@gmail.com
vie.tdo781@gmail.com
vie.tdo78.1@gmail.com
vie.tdo7.81@gmail.com
vie.tdo7.8.1@gmail.com
vie.tdo.781@gmail.com
vie.tdo.78.1@gmail.com
vie.tdo.7.81@gmail.com
vie.tdo.7.8.1@gmail.com
vie.td.o781@gmail.com
vie.td.o78.1@gmail.com
vie.td.o7.81@gmail.com
vie.td.o7.8.1@gmail.com
vie.td.o.781@gmail.com
vie.td.o.78.1@gmail.com
vie.td.o.7.81@gmail.com
vie.td.o.7.8.1@gmail.com
vie.t.do781@gmail.com
vie.t.do78.1@gmail.com
vie.t.do7.81@gmail.com
vie.t.do7.8.1@gmail.com
vie.t.do.781@gmail.com
vie.t.do.78.1@gmail.com
vie.t.do.7.81@gmail.com
vie.t.do.7.8.1@gmail.com
vie.t.d.o781@gmail.com
vie.t.d.o78.1@gmail.com
vie.t.d.o7.81@gmail.com
vie.t.d.o7.8.1@gmail.com
vie.t.d.o.781@gmail.com
vie.t.d.o.78.1@gmail.com
vie.t.d.o.7.81@gmail.com
vie.t.d.o.7.8.1@gmail.com
vi.etdo781@gmail.com
vi.etdo78.1@gmail.com
vi.etdo7.81@gmail.com
vi.etdo7.8.1@gmail.com
vi.etdo.781@gmail.com
vi.etdo.78.1@gmail.com
vi.etdo.7.81@gmail.com
vi.etdo.7.8.1@gmail.com
vi.etd.o781@gmail.com
vi.etd.o78.1@gmail.com
vi.etd.o7.81@gmail.com
vi.etd.o7.8.1@gmail.com
vi.etd.o.781@gmail.com
vi.etd.o.78.1@gmail.com
vi.etd.o.7.81@gmail.com
vi.etd.o.7.8.1@gmail.com
vi.et.do781@gmail.com
vi.et.do78.1@gmail.com
vi.et.do7.81@gmail.com
vi.et.do7.8.1@gmail.com
vi.et.do.781@gmail.com
vi.et.do.78.1@gmail.com
vi.et.do.7.81@gmail.com
vi.et.do.7.8.1@gmail.com
vi.et.d.o781@gmail.com
vi.et.d.o78.1@gmail.com
vi.et.d.o7.81@gmail.com
vi.et.d.o7.8.1@gmail.com
vi.et.d.o.781@gmail.com
vi.et.d.o.78.1@gmail.com
vi.et.d.o.7.81@gmail.com
vi.et.d.o.7.8.1@gmail.com
vi.e.tdo781@gmail.com
vi.e.tdo78.1@gmail.com
vi.e.tdo7.81@gmail.com
vi.e.tdo7.8.1@gmail.com
vi.e.tdo.781@gmail.com
vi.e.tdo.78.1@gmail.com
vi.e.tdo.7.81@gmail.com
vi.e.tdo.7.8.1@gmail.com
vi.e.td.o781@gmail.com
vi.e.td.o78.1@gmail.com
vi.e.td.o7.81@gmail.com
vi.e.td.o7.8.1@gmail.com
vi.e.td.o.781@gmail.com
vi.e.td.o.78.1@gmail.com
vi.e.td.o.7.81@gmail.com
vi.e.td.o.7.8.1@gmail.com
vi.e.t.do781@gmail.com
vi.e.t.do78.1@gmail.com
vi.e.t.do7.81@gmail.com
vi.e.t.do7.8.1@gmail.com
vi.e.t.do.781@gmail.com
vi.e.t.do.78.1@gmail.com
vi.e.t.do.7.81@gmail.com
vi.e.t.do.7.8.1@gmail.com
vi.e.t.d.o781@gmail.com
vi.e.t.d.o78.1@gmail.com
vi.e.t.d.o7.81@gmail.com
vi.e.t.d.o7.8.1@gmail.com
vi.e.t.d.o.781@gmail.com
vi.e.t.d.o.78.1@gmail.com
vi.e.t.d.o.7.81@gmail.com
vi.e.t.d.o.7.8.1@gmail.com
v.ietdo781@gmail.com
v.ietdo78.1@gmail.com
v.ietdo7.81@gmail.com
v.ietdo7.8.1@gmail.com
v.ietdo.781@gmail.com
v.ietdo.78.1@gmail.com
v.ietdo.7.81@gmail.com
v.ietdo.7.8.1@gmail.com
v.ietd.o781@gmail.com
v.ietd.o78.1@gmail.com
v.ietd.o7.81@gmail.com
v.ietd.o7.8.1@gmail.com
v.ietd.o.781@gmail.com
v.ietd.o.78.1@gmail.com
v.ietd.o.7.81@gmail.com
v.ietd.o.7.8.1@gmail.com
v.iet.do781@gmail.com
v.iet.do78.1@gmail.com
v.iet.do7.81@gmail.com
v.iet.do7.8.1@gmail.com
v.iet.do.781@gmail.com
v.iet.do.78.1@gmail.com
v.iet.do.7.81@gmail.com
v.iet.do.7.8.1@gmail.com
v.iet.d.o781@gmail.com
v.iet.d.o78.1@gmail.com
v.iet.d.o7.81@gmail.com
v.iet.d.o7.8.1@gmail.com
v.iet.d.o.781@gmail.com
v.iet.d.o.78.1@gmail.com
v.iet.d.o.7.81@gmail.com
v.iet.d.o.7.8.1@gmail.com
v.ie.tdo781@gmail.com
v.ie.tdo78.1@gmail.com
v.ie.tdo7.81@gmail.com
v.ie.tdo7.8.1@gmail.com
v.ie.tdo.781@gmail.com
v.ie.tdo.78.1@gmail.com
v.ie.tdo.7.81@gmail.com
v.ie.tdo.7.8.1@gmail.com
v.ie.td.o781@gmail.com
v.ie.td.o78.1@gmail.com
v.ie.td.o7.81@gmail.com
v.ie.td.o7.8.1@gmail.com
v.ie.td.o.781@gmail.com
v.ie.td.o.78.1@gmail.com
v.ie.td.o.7.81@gmail.com
v.ie.td.o.7.8.1@gmail.com
v.ie.t.do781@gmail.com
v.ie.t.do78.1@gmail.com
v.ie.t.do7.81@gmail.com
v.ie.t.do7.8.1@gmail.com
v.ie.t.do.781@gmail.com
v.ie.t.do.78.1@gmail.com
v.ie.t.do.7.81@gmail.com
v.ie.t.do.7.8.1@gmail.com
v.ie.t.d.o781@gmail.com
v.ie.t.d.o78.1@gmail.com
v.ie.t.d.o7.81@gmail.com
v.ie.t.d.o7.8.1@gmail.com
v.ie.t.d.o.781@gmail.com
v.ie.t.d.o.78.1@gmail.com
v.ie.t.d.o.7.81@gmail.com
v.ie.t.d.o.7.8.1@gmail.com
v.i.etdo781@gmail.com
v.i.etdo78.1@gmail.com
v.i.etdo7.81@gmail.com
v.i.etdo7.8.1@gmail.com
v.i.etdo.781@gmail.com
v.i.etdo.78.1@gmail.com
v.i.etdo.7.81@gmail.com
v.i.etdo.7.8.1@gmail.com
v.i.etd.o781@gmail.com
v.i.etd.o78.1@gmail.com
v.i.etd.o7.81@gmail.com
v.i.etd.o7.8.1@gmail.com
v.i.etd.o.781@gmail.com
v.i.etd.o.78.1@gmail.com
v.i.etd.o.7.81@gmail.com
v.i.etd.o.7.8.1@gmail.com
v.i.et.do781@gmail.com
v.i.et.do78.1@gmail.com
v.i.et.do7.81@gmail.com
v.i.et.do7.8.1@gmail.com
v.i.et.do.781@gmail.com
v.i.et.do.78.1@gmail.com
v.i.et.do.7.81@gmail.com
v.i.et.do.7.8.1@gmail.com
v.i.et.d.o781@gmail.com
v.i.et.d.o78.1@gmail.com
v.i.et.d.o7.81@gmail.com
v.i.et.d.o7.8.1@gmail.com
v.i.et.d.o.781@gmail.com
v.i.et.d.o.78.1@gmail.com
v.i.et.d.o.7.81@gmail.com
v.i.et.d.o.7.8.1@gmail.com
v.i.e.tdo781@gmail.com
v.i.e.tdo78.1@gmail.com
v.i.e.tdo7.81@gmail.com
v.i.e.tdo7.8.1@gmail.com
v.i.e.tdo.781@gmail.com
v.i.e.tdo.78.1@gmail.com
v.i.e.tdo.7.81@gmail.com
v.i.e.tdo.7.8.1@gmail.com
v.i.e.td.o781@gmail.com
v.i.e.td.o78.1@gmail.com
v.i.e.td.o7.81@gmail.com
v.i.e.td.o7.8.1@gmail.com
v.i.e.td.o.781@gmail.com
v.i.e.td.o.78.1@gmail.com
v.i.e.td.o.7.81@gmail.com
v.i.e.td.o.7.8.1@gmail.com
v.i.e.t.do781@gmail.com
v.i.e.t.do78.1@gmail.com
v.i.e.t.do7.81@gmail.com
v.i.e.t.do7.8.1@gmail.com
v.i.e.t.do.781@gmail.com
v.i.e.t.do.78.1@gmail.com
v.i.e.t.do.7.81@gmail.com
v.i.e.t.do.7.8.1@gmail.com
v.i.e.t.d.o781@gmail.com
v.i.e.t.d.o78.1@gmail.com
v.i.e.t.d.o7.81@gmail.com
v.i.e.t.d.o7.8.1@gmail.com
v.i.e.t.d.o.781@gmail.com
v.i.e.t.d.o.78.1@gmail.com
v.i.e.t.d.o.7.81@gmail.com
v.i.e.t.d.o.7.8.1@gmail.com
